2022-02-13 01:25:08,318 - mmseg - INFO - Environment info:
------------------------------------------------------------
sys.platform: linux
Python: 3.9.7 (default, Sep 16 2021, 13:09:58) [GCC 7.5.0]
CUDA available: True
GPU 0: NVIDIA GeForce RTX 3090
CUDA_HOME: /usr/local/cuda
NVCC: Build cuda_11.4.r11.4/compiler.30188945_0
GCC: gcc (Ubuntu 9.3.0-17ubuntu1~20.04) 9.3.0
PyTorch: 1.10.0
PyTorch compiling details: PyTorch built with:
  - GCC 7.3
  - C++ Version: 201402
  - Intel(R) oneAPI Math Kernel Library Version 2021.4-Product Build 20210904 for Intel(R) 64 architecture applications
  - Intel(R) MKL-DNN v2.2.3 (Git Hash 7336ca9f055cf1bfa13efb658fe15dc9b41f0740)
  - OpenMP 201511 (a.k.a. OpenMP 4.5)
  - LAPACK is enabled (usually provided by MKL)
  - NNPACK is enabled
  - CPU capability usage: AVX512
  - CUDA Runtime 11.3
  - NVCC architecture flags: -gencode;arch=compute_37,code=sm_37;-gencode;arch=compute_50,code=sm_50;-gencode;arch=compute_60,code=sm_60;-gencode;arch=compute_61,code=sm_61;-gencode;arch=compute_70,code=sm_70;-gencode;arch=compute_75,code=sm_75;-gencode;arch=compute_80,code=sm_80;-gencode;arch=compute_86,code=sm_86;-gencode;arch=compute_37,code=compute_37
  - CuDNN 8.2
  - Magma 2.5.2
  - Build settings: BLAS_INFO=mkl, BUILD_TYPE=Release, CUDA_VERSION=11.3, CUDNN_VERSION=8.2.0, CXX_COMPILER=/opt/rh/devtoolset-7/root/usr/bin/c++, CXX_FLAGS= -Wno-deprecated -fvisibility-inlines-hidden -DUSE_PTHREADPOOL -fopenmp -DNDEBUG -DUSE_KINETO -DUSE_FBGEMM -DUSE_QNNPACK -DUSE_PYTORCH_QNNPACK -DUSE_XNNPACK -DSYMBOLICATE_MOBILE_DEBUG_HANDLE -DEDGE_PROFILER_USE_KINETO -O2 -fPIC -Wno-narrowing -Wall -Wextra -Werror=return-type -Wno-missing-field-initializers -Wno-type-limits -Wno-array-bounds -Wno-unknown-pragmas -Wno-sign-compare -Wno-unused-parameter -Wno-unused-variable -Wno-unused-function -Wno-unused-result -Wno-unused-local-typedefs -Wno-strict-overflow -Wno-strict-aliasing -Wno-error=deprecated-declarations -Wno-stringop-overflow -Wno-psabi -Wno-error=pedantic -Wno-error=redundant-decls -Wno-error=old-style-cast -fdiagnostics-color=always -faligned-new -Wno-unused-but-set-variable -Wno-maybe-uninitialized -fno-math-errno -fno-trapping-math -Werror=format -Wno-stringop-overflow, LAPACK_INFO=mkl, PERF_WITH_AVX=1, PERF_WITH_AVX2=1, PERF_WITH_AVX512=1, TORCH_VERSION=1.10.0, USE_CUDA=ON, USE_CUDNN=ON, USE_EXCEPTION_PTR=1, USE_GFLAGS=OFF, USE_GLOG=OFF, USE_MKL=ON, USE_MKLDNN=ON, USE_MPI=OFF, USE_NCCL=ON, USE_NNPACK=ON, USE_OPENMP=ON, 

TorchVision: 0.11.1
OpenCV: 4.5.4-dev
MMCV: 1.4.4
MMCV Compiler: GCC 7.3
MMCV CUDA Compiler: 11.3
MMSegmentation: 0.6.0+e994ac2
------------------------------------------------------------

2022-02-13 01:25:08,318 - mmseg - INFO - Distributed training: False
2022-02-13 01:25:08,622 - mmseg - INFO - Config:
norm_cfg = dict(type='SyncBN', requires_grad=True)
model = dict(
    type='EncoderDecoder',
    backbone=dict(
        type='VisionTransformer',
        model_name='vit_large_patch16_384',
        img_size=768,
        patch_size=16,
        in_chans=3,
        embed_dim=1024,
        depth=24,
        num_heads=16,
        num_classes=19,
        drop_rate=0.0,
        norm_cfg=dict(type='SyncBN', requires_grad=True),
        pos_embed_interp=True,
        align_corners=False),
    decode_head=dict(
        type='VisionTransformerUpHead',
        in_channels=1024,
        channels=512,
        in_index=23,
        img_size=768,
        embed_dim=1024,
        num_classes=19,
        norm_cfg=dict(type='SyncBN', requires_grad=True),
        num_conv=4,
        upsampling_method='bilinear',
        align_corners=False,
        loss_decode=dict(
            type='CrossEntropyLoss', use_sigmoid=False, loss_weight=1.0),
        num_upsampe_layer=4),
    auxiliary_head=[
        dict(
            type='VisionTransformerUpHead',
            in_channels=1024,
            channels=512,
            in_index=9,
            img_size=768,
            embed_dim=1024,
            num_classes=19,
            norm_cfg=dict(type='SyncBN', requires_grad=True),
            num_conv=2,
            upsampling_method='bilinear',
            num_upsampe_layer=2,
            align_corners=False,
            loss_decode=dict(
                type='CrossEntropyLoss', use_sigmoid=False, loss_weight=0.4)),
        dict(
            type='VisionTransformerUpHead',
            in_channels=1024,
            channels=512,
            in_index=14,
            img_size=768,
            embed_dim=1024,
            num_classes=19,
            norm_cfg=dict(type='SyncBN', requires_grad=True),
            num_conv=2,
            upsampling_method='bilinear',
            num_upsampe_layer=2,
            align_corners=False,
            loss_decode=dict(
                type='CrossEntropyLoss', use_sigmoid=False, loss_weight=0.4)),
        dict(
            type='VisionTransformerUpHead',
            in_channels=1024,
            channels=512,
            in_index=19,
            img_size=768,
            embed_dim=1024,
            num_classes=19,
            norm_cfg=dict(type='SyncBN', requires_grad=True),
            num_conv=2,
            upsampling_method='bilinear',
            num_upsampe_layer=2,
            align_corners=False,
            loss_decode=dict(
                type='CrossEntropyLoss', use_sigmoid=False, loss_weight=0.4)),
        dict(
            type='VisionTransformerUpHead',
            in_channels=1024,
            channels=512,
            in_index=23,
            img_size=768,
            embed_dim=1024,
            num_classes=19,
            norm_cfg=dict(type='SyncBN', requires_grad=True),
            num_conv=2,
            upsampling_method='bilinear',
            num_upsampe_layer=2,
            align_corners=False,
            loss_decode=dict(
                type='CrossEntropyLoss', use_sigmoid=False, loss_weight=0.4))
    ])
train_cfg = dict()
test_cfg = dict(mode='slide', crop_size=(768, 768), stride=(512, 512))
dataset_type = 'CityscapesDataset'
data_root = 'data/cityscapes/'
img_norm_cfg = dict(
    mean=[123.675, 116.28, 103.53], std=[58.395, 57.12, 57.375], to_rgb=True)
crop_size = (768, 768)
train_pipeline = [
    dict(type='LoadImageFromFile'),
    dict(type='LoadAnnotations'),
    dict(type='Resize', img_scale=(2049, 1025), ratio_range=(0.5, 2.0)),
    dict(type='RandomCrop', crop_size=(768, 768), cat_max_ratio=0.75),
    dict(type='RandomFlip', flip_ratio=0.5),
    dict(type='PhotoMetricDistortion'),
    dict(
        type='Normalize',
        mean=[123.675, 116.28, 103.53],
        std=[58.395, 57.12, 57.375],
        to_rgb=True),
    dict(type='Pad', size=(768, 768), pad_val=0, seg_pad_val=255),
    dict(type='DefaultFormatBundle'),
    dict(type='Collect', keys=['img', 'gt_semantic_seg'])
]
test_pipeline = [
    dict(type='LoadImageFromFile'),
    dict(
        type='MultiScaleFlipAug',
        img_scale=(2049, 1025),
        flip=False,
        transforms=[
            dict(type='Resize', keep_ratio=True),
            dict(type='RandomFlip'),
            dict(
                type='Normalize',
                mean=[123.675, 116.28, 103.53],
                std=[58.395, 57.12, 57.375],
                to_rgb=True),
            dict(type='ImageToTensor', keys=['img']),
            dict(type='Collect', keys=['img'])
        ])
]
data = dict(
    samples_per_gpu=1,
    workers_per_gpu=2,
    train=dict(
        type='CityscapesDataset',
        data_root='data/cityscapes/',
        img_dir='leftImg8bit/train',
        ann_dir='gtFine/train',
        pipeline=[
            dict(type='LoadImageFromFile'),
            dict(type='LoadAnnotations'),
            dict(
                type='Resize', img_scale=(2049, 1025), ratio_range=(0.5, 2.0)),
            dict(type='RandomCrop', crop_size=(768, 768), cat_max_ratio=0.75),
            dict(type='RandomFlip', flip_ratio=0.5),
            dict(type='PhotoMetricDistortion'),
            dict(
                type='Normalize',
                mean=[123.675, 116.28, 103.53],
                std=[58.395, 57.12, 57.375],
                to_rgb=True),
            dict(type='Pad', size=(768, 768), pad_val=0, seg_pad_val=255),
            dict(type='DefaultFormatBundle'),
            dict(type='Collect', keys=['img', 'gt_semantic_seg'])
        ]),
    val=dict(
        type='CityscapesDataset',
        data_root='data/cityscapes/',
        img_dir='leftImg8bit/val',
        ann_dir='gtFine/val',
        pipeline=[
            dict(type='LoadImageFromFile'),
            dict(
                type='MultiScaleFlipAug',
                img_scale=(2049, 1025),
                flip=False,
                transforms=[
                    dict(type='Resize', keep_ratio=True),
                    dict(type='RandomFlip'),
                    dict(
                        type='Normalize',
                        mean=[123.675, 116.28, 103.53],
                        std=[58.395, 57.12, 57.375],
                        to_rgb=True),
                    dict(type='ImageToTensor', keys=['img']),
                    dict(type='Collect', keys=['img'])
                ])
        ]),
    test=dict(
        type='CityscapesDataset',
        data_root='data/cityscapes/',
        img_dir='leftImg8bit/val',
        ann_dir='gtFine/val',
        pipeline=[
            dict(type='LoadImageFromFile'),
            dict(
                type='MultiScaleFlipAug',
                img_scale=(2049, 1025),
                flip=False,
                transforms=[
                    dict(type='Resize', keep_ratio=True),
                    dict(type='RandomFlip'),
                    dict(
                        type='Normalize',
                        mean=[123.675, 116.28, 103.53],
                        std=[58.395, 57.12, 57.375],
                        to_rgb=True),
                    dict(type='ImageToTensor', keys=['img']),
                    dict(type='Collect', keys=['img'])
                ])
        ]))
log_config = dict(
    interval=50, hooks=[dict(type='TextLoggerHook', by_epoch=False)])
dist_params = dict(backend='nccl')
log_level = 'INFO'
load_from = None
resume_from = None
workflow = [('train', 1)]
cudnn_benchmark = True
optimizer = dict(
    type='SGD',
    lr=0.01,
    momentum=0.9,
    weight_decay=0.0,
    paramwise_cfg=dict(custom_keys=dict(head=dict(lr_mult=10.0))))
optimizer_config = dict()
lr_config = dict(policy='poly', power=0.9, min_lr=0.0001, by_epoch=False)
total_iters = 40000
checkpoint_config = dict(by_epoch=False, interval=4000)
evaluation = dict(interval=4000, metric='mIoU')
find_unused_parameters = True
work_dir = './work_dirs/SETR_PUP_768x768_40k_cityscapes_bs_8'
gpu_ids = range(0, 1)

2022-02-13 01:25:13,571 - mmseg - INFO - EncoderDecoder(
  (backbone): VisionTransformer(
    (patch_embed): PatchEmbed(
      (proj): Conv2d(3, 1024, kernel_size=(16, 16), stride=(16, 16))
    )
    (pos_drop): Dropout(p=0.0, inplace=False)
    (blocks): ModuleList(
      (0): Block(
        (norm1): LayerNorm((1024,), eps=1e-06, elementwise_affine=True)
        (attn): Attention(
          (qkv): Linear(in_features=1024, out_features=3072, bias=True)
          (attn_drop): Dropout(p=0.0, inplace=False)
          (proj): Linear(in_features=1024, out_features=1024, bias=True)
          (proj_drop): Dropout(p=0.0, inplace=False)
        )
        (drop_path): Identity()
        (norm2): LayerNorm((1024,), eps=1e-06, elementwise_affine=True)
        (mlp): Mlp(
          (fc1): Linear(in_features=1024, out_features=4096, bias=True)
          (act): GELU()
          (fc2): Linear(in_features=4096, out_features=1024, bias=True)
          (drop): Dropout(p=0.0, inplace=False)
        )
      )
      (1): Block(
        (norm1): LayerNorm((1024,), eps=1e-06, elementwise_affine=True)
        (attn): Attention(
          (qkv): Linear(in_features=1024, out_features=3072, bias=True)
          (attn_drop): Dropout(p=0.0, inplace=False)
          (proj): Linear(in_features=1024, out_features=1024, bias=True)
          (proj_drop): Dropout(p=0.0, inplace=False)
        )
        (drop_path): Identity()
        (norm2): LayerNorm((1024,), eps=1e-06, elementwise_affine=True)
        (mlp): Mlp(
          (fc1): Linear(in_features=1024, out_features=4096, bias=True)
          (act): GELU()
          (fc2): Linear(in_features=4096, out_features=1024, bias=True)
          (drop): Dropout(p=0.0, inplace=False)
        )
      )
      (2): Block(
        (norm1): LayerNorm((1024,), eps=1e-06, elementwise_affine=True)
        (attn): Attention(
          (qkv): Linear(in_features=1024, out_features=3072, bias=True)
          (attn_drop): Dropout(p=0.0, inplace=False)
          (proj): Linear(in_features=1024, out_features=1024, bias=True)
          (proj_drop): Dropout(p=0.0, inplace=False)
        )
        (drop_path): Identity()
        (norm2): LayerNorm((1024,), eps=1e-06, elementwise_affine=True)
        (mlp): Mlp(
          (fc1): Linear(in_features=1024, out_features=4096, bias=True)
          (act): GELU()
          (fc2): Linear(in_features=4096, out_features=1024, bias=True)
          (drop): Dropout(p=0.0, inplace=False)
        )
      )
      (3): Block(
        (norm1): LayerNorm((1024,), eps=1e-06, elementwise_affine=True)
        (attn): Attention(
          (qkv): Linear(in_features=1024, out_features=3072, bias=True)
          (attn_drop): Dropout(p=0.0, inplace=False)
          (proj): Linear(in_features=1024, out_features=1024, bias=True)
          (proj_drop): Dropout(p=0.0, inplace=False)
        )
        (drop_path): Identity()
        (norm2): LayerNorm((1024,), eps=1e-06, elementwise_affine=True)
        (mlp): Mlp(
          (fc1): Linear(in_features=1024, out_features=4096, bias=True)
          (act): GELU()
          (fc2): Linear(in_features=4096, out_features=1024, bias=True)
          (drop): Dropout(p=0.0, inplace=False)
        )
      )
      (4): Block(
        (norm1): LayerNorm((1024,), eps=1e-06, elementwise_affine=True)
        (attn): Attention(
          (qkv): Linear(in_features=1024, out_features=3072, bias=True)
          (attn_drop): Dropout(p=0.0, inplace=False)
          (proj): Linear(in_features=1024, out_features=1024, bias=True)
          (proj_drop): Dropout(p=0.0, inplace=False)
        )
        (drop_path): Identity()
        (norm2): LayerNorm((1024,), eps=1e-06, elementwise_affine=True)
        (mlp): Mlp(
          (fc1): Linear(in_features=1024, out_features=4096, bias=True)
          (act): GELU()
          (fc2): Linear(in_features=4096, out_features=1024, bias=True)
          (drop): Dropout(p=0.0, inplace=False)
        )
      )
      (5): Block(
        (norm1): LayerNorm((1024,), eps=1e-06, elementwise_affine=True)
        (attn): Attention(
          (qkv): Linear(in_features=1024, out_features=3072, bias=True)
          (attn_drop): Dropout(p=0.0, inplace=False)
          (proj): Linear(in_features=1024, out_features=1024, bias=True)
          (proj_drop): Dropout(p=0.0, inplace=False)
        )
        (drop_path): Identity()
        (norm2): LayerNorm((1024,), eps=1e-06, elementwise_affine=True)
        (mlp): Mlp(
          (fc1): Linear(in_features=1024, out_features=4096, bias=True)
          (act): GELU()
          (fc2): Linear(in_features=4096, out_features=1024, bias=True)
          (drop): Dropout(p=0.0, inplace=False)
        )
      )
      (6): Block(
        (norm1): LayerNorm((1024,), eps=1e-06, elementwise_affine=True)
        (attn): Attention(
          (qkv): Linear(in_features=1024, out_features=3072, bias=True)
          (attn_drop): Dropout(p=0.0, inplace=False)
          (proj): Linear(in_features=1024, out_features=1024, bias=True)
          (proj_drop): Dropout(p=0.0, inplace=False)
        )
        (drop_path): Identity()
        (norm2): LayerNorm((1024,), eps=1e-06, elementwise_affine=True)
        (mlp): Mlp(
          (fc1): Linear(in_features=1024, out_features=4096, bias=True)
          (act): GELU()
          (fc2): Linear(in_features=4096, out_features=1024, bias=True)
          (drop): Dropout(p=0.0, inplace=False)
        )
      )
      (7): Block(
        (norm1): LayerNorm((1024,), eps=1e-06, elementwise_affine=True)
        (attn): Attention(
          (qkv): Linear(in_features=1024, out_features=3072, bias=True)
          (attn_drop): Dropout(p=0.0, inplace=False)
          (proj): Linear(in_features=1024, out_features=1024, bias=True)
          (proj_drop): Dropout(p=0.0, inplace=False)
        )
        (drop_path): Identity()
        (norm2): LayerNorm((1024,), eps=1e-06, elementwise_affine=True)
        (mlp): Mlp(
          (fc1): Linear(in_features=1024, out_features=4096, bias=True)
          (act): GELU()
          (fc2): Linear(in_features=4096, out_features=1024, bias=True)
          (drop): Dropout(p=0.0, inplace=False)
        )
      )
      (8): Block(
        (norm1): LayerNorm((1024,), eps=1e-06, elementwise_affine=True)
        (attn): Attention(
          (qkv): Linear(in_features=1024, out_features=3072, bias=True)
          (attn_drop): Dropout(p=0.0, inplace=False)
          (proj): Linear(in_features=1024, out_features=1024, bias=True)
          (proj_drop): Dropout(p=0.0, inplace=False)
        )
        (drop_path): Identity()
        (norm2): LayerNorm((1024,), eps=1e-06, elementwise_affine=True)
        (mlp): Mlp(
          (fc1): Linear(in_features=1024, out_features=4096, bias=True)
          (act): GELU()
          (fc2): Linear(in_features=4096, out_features=1024, bias=True)
          (drop): Dropout(p=0.0, inplace=False)
        )
      )
      (9): Block(
        (norm1): LayerNorm((1024,), eps=1e-06, elementwise_affine=True)
        (attn): Attention(
          (qkv): Linear(in_features=1024, out_features=3072, bias=True)
          (attn_drop): Dropout(p=0.0, inplace=False)
          (proj): Linear(in_features=1024, out_features=1024, bias=True)
          (proj_drop): Dropout(p=0.0, inplace=False)
        )
        (drop_path): Identity()
        (norm2): LayerNorm((1024,), eps=1e-06, elementwise_affine=True)
        (mlp): Mlp(
          (fc1): Linear(in_features=1024, out_features=4096, bias=True)
          (act): GELU()
          (fc2): Linear(in_features=4096, out_features=1024, bias=True)
          (drop): Dropout(p=0.0, inplace=False)
        )
      )
      (10): Block(
        (norm1): LayerNorm((1024,), eps=1e-06, elementwise_affine=True)
        (attn): Attention(
          (qkv): Linear(in_features=1024, out_features=3072, bias=True)
          (attn_drop): Dropout(p=0.0, inplace=False)
          (proj): Linear(in_features=1024, out_features=1024, bias=True)
          (proj_drop): Dropout(p=0.0, inplace=False)
        )
        (drop_path): Identity()
        (norm2): LayerNorm((1024,), eps=1e-06, elementwise_affine=True)
        (mlp): Mlp(
          (fc1): Linear(in_features=1024, out_features=4096, bias=True)
          (act): GELU()
          (fc2): Linear(in_features=4096, out_features=1024, bias=True)
          (drop): Dropout(p=0.0, inplace=False)
        )
      )
      (11): Block(
        (norm1): LayerNorm((1024,), eps=1e-06, elementwise_affine=True)
        (attn): Attention(
          (qkv): Linear(in_features=1024, out_features=3072, bias=True)
          (attn_drop): Dropout(p=0.0, inplace=False)
          (proj): Linear(in_features=1024, out_features=1024, bias=True)
          (proj_drop): Dropout(p=0.0, inplace=False)
        )
        (drop_path): Identity()
        (norm2): LayerNorm((1024,), eps=1e-06, elementwise_affine=True)
        (mlp): Mlp(
          (fc1): Linear(in_features=1024, out_features=4096, bias=True)
          (act): GELU()
          (fc2): Linear(in_features=4096, out_features=1024, bias=True)
          (drop): Dropout(p=0.0, inplace=False)
        )
      )
      (12): Block(
        (norm1): LayerNorm((1024,), eps=1e-06, elementwise_affine=True)
        (attn): Attention(
          (qkv): Linear(in_features=1024, out_features=3072, bias=True)
          (attn_drop): Dropout(p=0.0, inplace=False)
          (proj): Linear(in_features=1024, out_features=1024, bias=True)
          (proj_drop): Dropout(p=0.0, inplace=False)
        )
        (drop_path): Identity()
        (norm2): LayerNorm((1024,), eps=1e-06, elementwise_affine=True)
        (mlp): Mlp(
          (fc1): Linear(in_features=1024, out_features=4096, bias=True)
          (act): GELU()
          (fc2): Linear(in_features=4096, out_features=1024, bias=True)
          (drop): Dropout(p=0.0, inplace=False)
        )
      )
      (13): Block(
        (norm1): LayerNorm((1024,), eps=1e-06, elementwise_affine=True)
        (attn): Attention(
          (qkv): Linear(in_features=1024, out_features=3072, bias=True)
          (attn_drop): Dropout(p=0.0, inplace=False)
          (proj): Linear(in_features=1024, out_features=1024, bias=True)
          (proj_drop): Dropout(p=0.0, inplace=False)
        )
        (drop_path): Identity()
        (norm2): LayerNorm((1024,), eps=1e-06, elementwise_affine=True)
        (mlp): Mlp(
          (fc1): Linear(in_features=1024, out_features=4096, bias=True)
          (act): GELU()
          (fc2): Linear(in_features=4096, out_features=1024, bias=True)
          (drop): Dropout(p=0.0, inplace=False)
        )
      )
      (14): Block(
        (norm1): LayerNorm((1024,), eps=1e-06, elementwise_affine=True)
        (attn): Attention(
          (qkv): Linear(in_features=1024, out_features=3072, bias=True)
          (attn_drop): Dropout(p=0.0, inplace=False)
          (proj): Linear(in_features=1024, out_features=1024, bias=True)
          (proj_drop): Dropout(p=0.0, inplace=False)
        )
        (drop_path): Identity()
        (norm2): LayerNorm((1024,), eps=1e-06, elementwise_affine=True)
        (mlp): Mlp(
          (fc1): Linear(in_features=1024, out_features=4096, bias=True)
          (act): GELU()
          (fc2): Linear(in_features=4096, out_features=1024, bias=True)
          (drop): Dropout(p=0.0, inplace=False)
        )
      )
      (15): Block(
        (norm1): LayerNorm((1024,), eps=1e-06, elementwise_affine=True)
        (attn): Attention(
          (qkv): Linear(in_features=1024, out_features=3072, bias=True)
          (attn_drop): Dropout(p=0.0, inplace=False)
          (proj): Linear(in_features=1024, out_features=1024, bias=True)
          (proj_drop): Dropout(p=0.0, inplace=False)
        )
        (drop_path): Identity()
        (norm2): LayerNorm((1024,), eps=1e-06, elementwise_affine=True)
        (mlp): Mlp(
          (fc1): Linear(in_features=1024, out_features=4096, bias=True)
          (act): GELU()
          (fc2): Linear(in_features=4096, out_features=1024, bias=True)
          (drop): Dropout(p=0.0, inplace=False)
        )
      )
      (16): Block(
        (norm1): LayerNorm((1024,), eps=1e-06, elementwise_affine=True)
        (attn): Attention(
          (qkv): Linear(in_features=1024, out_features=3072, bias=True)
          (attn_drop): Dropout(p=0.0, inplace=False)
          (proj): Linear(in_features=1024, out_features=1024, bias=True)
          (proj_drop): Dropout(p=0.0, inplace=False)
        )
        (drop_path): Identity()
        (norm2): LayerNorm((1024,), eps=1e-06, elementwise_affine=True)
        (mlp): Mlp(
          (fc1): Linear(in_features=1024, out_features=4096, bias=True)
          (act): GELU()
          (fc2): Linear(in_features=4096, out_features=1024, bias=True)
          (drop): Dropout(p=0.0, inplace=False)
        )
      )
      (17): Block(
        (norm1): LayerNorm((1024,), eps=1e-06, elementwise_affine=True)
        (attn): Attention(
          (qkv): Linear(in_features=1024, out_features=3072, bias=True)
          (attn_drop): Dropout(p=0.0, inplace=False)
          (proj): Linear(in_features=1024, out_features=1024, bias=True)
          (proj_drop): Dropout(p=0.0, inplace=False)
        )
        (drop_path): Identity()
        (norm2): LayerNorm((1024,), eps=1e-06, elementwise_affine=True)
        (mlp): Mlp(
          (fc1): Linear(in_features=1024, out_features=4096, bias=True)
          (act): GELU()
          (fc2): Linear(in_features=4096, out_features=1024, bias=True)
          (drop): Dropout(p=0.0, inplace=False)
        )
      )
      (18): Block(
        (norm1): LayerNorm((1024,), eps=1e-06, elementwise_affine=True)
        (attn): Attention(
          (qkv): Linear(in_features=1024, out_features=3072, bias=True)
          (attn_drop): Dropout(p=0.0, inplace=False)
          (proj): Linear(in_features=1024, out_features=1024, bias=True)
          (proj_drop): Dropout(p=0.0, inplace=False)
        )
        (drop_path): Identity()
        (norm2): LayerNorm((1024,), eps=1e-06, elementwise_affine=True)
        (mlp): Mlp(
          (fc1): Linear(in_features=1024, out_features=4096, bias=True)
          (act): GELU()
          (fc2): Linear(in_features=4096, out_features=1024, bias=True)
          (drop): Dropout(p=0.0, inplace=False)
        )
      )
      (19): Block(
        (norm1): LayerNorm((1024,), eps=1e-06, elementwise_affine=True)
        (attn): Attention(
          (qkv): Linear(in_features=1024, out_features=3072, bias=True)
          (attn_drop): Dropout(p=0.0, inplace=False)
          (proj): Linear(in_features=1024, out_features=1024, bias=True)
          (proj_drop): Dropout(p=0.0, inplace=False)
        )
        (drop_path): Identity()
        (norm2): LayerNorm((1024,), eps=1e-06, elementwise_affine=True)
        (mlp): Mlp(
          (fc1): Linear(in_features=1024, out_features=4096, bias=True)
          (act): GELU()
          (fc2): Linear(in_features=4096, out_features=1024, bias=True)
          (drop): Dropout(p=0.0, inplace=False)
        )
      )
      (20): Block(
        (norm1): LayerNorm((1024,), eps=1e-06, elementwise_affine=True)
        (attn): Attention(
          (qkv): Linear(in_features=1024, out_features=3072, bias=True)
          (attn_drop): Dropout(p=0.0, inplace=False)
          (proj): Linear(in_features=1024, out_features=1024, bias=True)
          (proj_drop): Dropout(p=0.0, inplace=False)
        )
        (drop_path): Identity()
        (norm2): LayerNorm((1024,), eps=1e-06, elementwise_affine=True)
        (mlp): Mlp(
          (fc1): Linear(in_features=1024, out_features=4096, bias=True)
          (act): GELU()
          (fc2): Linear(in_features=4096, out_features=1024, bias=True)
          (drop): Dropout(p=0.0, inplace=False)
        )
      )
      (21): Block(
        (norm1): LayerNorm((1024,), eps=1e-06, elementwise_affine=True)
        (attn): Attention(
          (qkv): Linear(in_features=1024, out_features=3072, bias=True)
          (attn_drop): Dropout(p=0.0, inplace=False)
          (proj): Linear(in_features=1024, out_features=1024, bias=True)
          (proj_drop): Dropout(p=0.0, inplace=False)
        )
        (drop_path): Identity()
        (norm2): LayerNorm((1024,), eps=1e-06, elementwise_affine=True)
        (mlp): Mlp(
          (fc1): Linear(in_features=1024, out_features=4096, bias=True)
          (act): GELU()
          (fc2): Linear(in_features=4096, out_features=1024, bias=True)
          (drop): Dropout(p=0.0, inplace=False)
        )
      )
      (22): Block(
        (norm1): LayerNorm((1024,), eps=1e-06, elementwise_affine=True)
        (attn): Attention(
          (qkv): Linear(in_features=1024, out_features=3072, bias=True)
          (attn_drop): Dropout(p=0.0, inplace=False)
          (proj): Linear(in_features=1024, out_features=1024, bias=True)
          (proj_drop): Dropout(p=0.0, inplace=False)
        )
        (drop_path): Identity()
        (norm2): LayerNorm((1024,), eps=1e-06, elementwise_affine=True)
        (mlp): Mlp(
          (fc1): Linear(in_features=1024, out_features=4096, bias=True)
          (act): GELU()
          (fc2): Linear(in_features=4096, out_features=1024, bias=True)
          (drop): Dropout(p=0.0, inplace=False)
        )
      )
      (23): Block(
        (norm1): LayerNorm((1024,), eps=1e-06, elementwise_affine=True)
        (attn): Attention(
          (qkv): Linear(in_features=1024, out_features=3072, bias=True)
          (attn_drop): Dropout(p=0.0, inplace=False)
          (proj): Linear(in_features=1024, out_features=1024, bias=True)
          (proj_drop): Dropout(p=0.0, inplace=False)
        )
        (drop_path): Identity()
        (norm2): LayerNorm((1024,), eps=1e-06, elementwise_affine=True)
        (mlp): Mlp(
          (fc1): Linear(in_features=1024, out_features=4096, bias=True)
          (act): GELU()
          (fc2): Linear(in_features=4096, out_features=1024, bias=True)
          (drop): Dropout(p=0.0, inplace=False)
        )
      )
    )
  )
  (decode_head): VisionTransformerUpHead(
    input_transform=None, ignore_index=255, align_corners=False
    (loss_decode): CrossEntropyLoss()
    (conv_seg): Conv2d(512, 19, kernel_size=(1, 1), stride=(1, 1))
    (dropout): Dropout2d(p=0.1, inplace=False)
    (norm): LayerNorm((1024,), eps=1e-06, elementwise_affine=True)
    (conv_0): Conv2d(1024, 256, kernel_size=(3, 3), stride=(1, 1), padding=(1, 1))
    (conv_1): Conv2d(256, 256, kernel_size=(3, 3), stride=(1, 1), padding=(1, 1))
    (conv_2): Conv2d(256, 256, kernel_size=(3, 3), stride=(1, 1), padding=(1, 1))
    (conv_3): Conv2d(256, 256, kernel_size=(3, 3), stride=(1, 1), padding=(1, 1))
    (conv_4): Conv2d(256, 19, kernel_size=(1, 1), stride=(1, 1))
    (syncbn_fc_0): SyncBatchNorm(256, eps=1e-05, momentum=0.1, affine=True, track_running_stats=True)
    (syncbn_fc_1): SyncBatchNorm(256, eps=1e-05, momentum=0.1, affine=True, track_running_stats=True)
    (syncbn_fc_2): SyncBatchNorm(256, eps=1e-05, momentum=0.1, affine=True, track_running_stats=True)
    (syncbn_fc_3): SyncBatchNorm(256, eps=1e-05, momentum=0.1, affine=True, track_running_stats=True)
  )
  (auxiliary_head): ModuleList(
    (0): VisionTransformerUpHead(
      input_transform=None, ignore_index=255, align_corners=False
      (loss_decode): CrossEntropyLoss()
      (conv_seg): Conv2d(512, 19, kernel_size=(1, 1), stride=(1, 1))
      (dropout): Dropout2d(p=0.1, inplace=False)
      (norm): LayerNorm((1024,), eps=1e-06, elementwise_affine=True)
      (conv_0): Conv2d(1024, 256, kernel_size=(3, 3), stride=(1, 1), padding=(1, 1))
      (conv_1): Conv2d(256, 19, kernel_size=(1, 1), stride=(1, 1))
      (syncbn_fc_0): SyncBatchNorm(256, eps=1e-05, momentum=0.1, affine=True, track_running_stats=True)
    )
    (1): VisionTransformerUpHead(
      input_transform=None, ignore_index=255, align_corners=False
      (loss_decode): CrossEntropyLoss()
      (conv_seg): Conv2d(512, 19, kernel_size=(1, 1), stride=(1, 1))
      (dropout): Dropout2d(p=0.1, inplace=False)
      (norm): LayerNorm((1024,), eps=1e-06, elementwise_affine=True)
      (conv_0): Conv2d(1024, 256, kernel_size=(3, 3), stride=(1, 1), padding=(1, 1))
      (conv_1): Conv2d(256, 19, kernel_size=(1, 1), stride=(1, 1))
      (syncbn_fc_0): SyncBatchNorm(256, eps=1e-05, momentum=0.1, affine=True, track_running_stats=True)
    )
    (2): VisionTransformerUpHead(
      input_transform=None, ignore_index=255, align_corners=False
      (loss_decode): CrossEntropyLoss()
      (conv_seg): Conv2d(512, 19, kernel_size=(1, 1), stride=(1, 1))
      (dropout): Dropout2d(p=0.1, inplace=False)
      (norm): LayerNorm((1024,), eps=1e-06, elementwise_affine=True)
      (conv_0): Conv2d(1024, 256, kernel_size=(3, 3), stride=(1, 1), padding=(1, 1))
      (conv_1): Conv2d(256, 19, kernel_size=(1, 1), stride=(1, 1))
      (syncbn_fc_0): SyncBatchNorm(256, eps=1e-05, momentum=0.1, affine=True, track_running_stats=True)
    )
    (3): VisionTransformerUpHead(
      input_transform=None, ignore_index=255, align_corners=False
      (loss_decode): CrossEntropyLoss()
      (conv_seg): Conv2d(512, 19, kernel_size=(1, 1), stride=(1, 1))
      (dropout): Dropout2d(p=0.1, inplace=False)
      (norm): LayerNorm((1024,), eps=1e-06, elementwise_affine=True)
      (conv_0): Conv2d(1024, 256, kernel_size=(3, 3), stride=(1, 1), padding=(1, 1))
      (conv_1): Conv2d(256, 19, kernel_size=(1, 1), stride=(1, 1))
      (syncbn_fc_0): SyncBatchNorm(256, eps=1e-05, momentum=0.1, affine=True, track_running_stats=True)
    )
  )
)
